0 info it worked if it ends with ok
1 verbose cli [ '/Users/Marc/.nvm/versions/node/v7.2.0/bin/node',
1 verbose cli   '/Users/Marc/.nvm/versions/node/v7.2.0/bin/npm',
1 verbose cli   'run',
1 verbose cli   'build' ]
2 info using npm@3.10.9
3 info using node@v7.2.0
4 verbose run-script [ 'prebuild', 'build', 'postbuild' ]
5 info lifecycle webview@1.0.0~prebuild: webview@1.0.0
6 silly lifecycle webview@1.0.0~prebuild: no script for prebuild, continuing
7 info lifecycle webview@1.0.0~build: webview@1.0.0
8 verbose lifecycle webview@1.0.0~build: unsafe-perm in lifecycle true
9 verbose lifecycle webview@1.0.0~build: PATH: /Users/Marc/.nvm/versions/node/v7.2.0/lib/node_modules/npm/bin/node-gyp-bin:/Users/Marc/WebstormProjects/modum-web/node_modules/.bin:/Users/Marc/.nvm/versions/node/v7.2.0/bin:/Users/Marc/.node/bin:/usr/local/bin:/usr/bin:/bin:/usr/sbin:/sbin:/opt/X11/bin:/usr/local/git/bin:/Library/TeX/texbin
10 verbose lifecycle webview@1.0.0~build: CWD: /Users/Marc/WebstormProjects/modum-web
11 silly lifecycle webview@1.0.0~build: Args: [ '-c', 'NODE_ENV=production webpack' ]
12 silly lifecycle webview@1.0.0~build: Returned: code: 2  signal: null
13 info lifecycle webview@1.0.0~build: Failed to exec build script
14 verbose stack Error: webview@1.0.0 build: `NODE_ENV=production webpack`
14 verbose stack Exit status 2
14 verbose stack     at EventEmitter.<anonymous> (/Users/Marc/.nvm/versions/node/v7.2.0/lib/node_modules/npm/lib/utils/lifecycle.js:255:16)
14 verbose stack     at emitTwo (events.js:106:13)
14 verbose stack     at EventEmitter.emit (events.js:191:7)
14 verbose stack     at ChildProcess.<anonymous> (/Users/Marc/.nvm/versions/node/v7.2.0/lib/node_modules/npm/lib/utils/spawn.js:40:14)
14 verbose stack     at emitTwo (events.js:106:13)
14 verbose stack     at ChildProcess.emit (events.js:191:7)
14 verbose stack     at maybeClose (internal/child_process.js:885:16)
14 verbose stack     at Process.ChildProcess._handle.onexit (internal/child_process.js:226:5)
15 verbose pkgid webview@1.0.0
16 verbose cwd /Users/Marc/WebstormProjects/modum-web
17 error Darwin 16.3.0
18 error argv "/Users/Marc/.nvm/versions/node/v7.2.0/bin/node" "/Users/Marc/.nvm/versions/node/v7.2.0/bin/npm" "run" "build"
19 error node v7.2.0
20 error npm  v3.10.9
21 error code ELIFECYCLE
22 error webview@1.0.0 build: `NODE_ENV=production webpack`
22 error Exit status 2
23 error Failed at the webview@1.0.0 build script 'NODE_ENV=production webpack'.
23 error Make sure you have the latest version of node.js and npm installed.
23 error If you do, this is most likely a problem with the webview package,
23 error not with npm itself.
23 error Tell the author that this fails on your system:
23 error     NODE_ENV=production webpack
23 error You can get information on how to open an issue for this project with:
23 error     npm bugs webview
23 error Or if that isn't available, you can get their info via:
23 error     npm owner ls webview
23 error There is likely additional logging output above.
24 verbose exit [ 1, true ]
